<?xml version="1.0" encoding="UTF-8"?>
<!-- Generated by org.testng.reporters.JUnitReportReporter -->
<testsuite hostname="RAM" failures="0" tests="1" name="testcases.TestLoginFunction" time="81.346" errors="0" timestamp="2022-02-14T15:54:22 EST" skipped="0">
  <testcase classname="testcases.TestLoginFunction" name="InvalidLogintest" time="81.346"/>
  <system-out/>
</testsuite> <!-- testcases.TestLoginFunction -->
